finally
finally
finally
finally
finally
test
test
test
test
test
test
test
test
test
User samuel
 added a new person named r r with id=4
User samuel
 added a new person named r r with id=4
User samuel
 added a new person named r r with id=4
User samuel
 added a new person named r r with id=4
User samuel
 added a new person named r r with id=4
User samuel
 added a new person named r r with id=4
User samuel
 added a new person named Juan Lopez de Viera with id=3
User samuel
 added a new person named Maria de Jesus Perez Perez with id=26
User samuel
 added a new person named Maria de Jesus Perez Perez with id=26
User samuel
 added a new person named Seba L with id=29
User samuel
 added a new person named Seba L with id=29
User samuel
 added a new person named Seba L with id=29
User samuel
 added kinship: person 26 father of 3
User samuel
 added kinship: person 26 father of 3
User samuel
 added kinship: person 26 father of 3
User samuel
 added a new person named Samuel Martinez Alcala with id=133119
User samuel
 added a new person named Ismarys Alcala Perez with id=257408
User samuel
 added a new person named Manuel Martinez Padron with id=443480
User samuel
 added a new person named Ignacio Martinez Cardo with id=698101
User samuel
 added a new person named Elisa Padron Hernandez with id=576504
User samuel
 added a new person named Francisco Alcala Rodriguez with id=809458
User samuel
 added a new person named Maria Cristina Perez Guzman with id=510394
User samuel
 added a new person named Mara Maura Rodriguez Diaz with id=368298
User samuel
 added kinship: person 368298 spouse of 133119
User samuel
 added kinship: person 368298 spouse of 133119
User samuel
 added kinship: person 368298 spouse of 133119
User samuel
 added a new person named samuel martinez alcala with id=100354
User samuel
 added a new person named samuel martinez alcala with id=100354
User samuel
 added a new person named samuel martinez alcala with id=100354
User samuel
 added a new person named Ismarys Alcala perez with id=959779
User samuel
 added a new person named Ismarys Alcala perez with id=959779
User samuel
 added a new person named Ismarys Alcala perez with id=959779
User samuel
 added a new person named Manuel Martinez Padron with id=36233
User samuel
 added a new person named Manuel Martinez Padron with id=36233
User samuel
 added a new person named Manuel Martinez Padron with id=36233
User samuel
 added a new person named Mara Maura Rodriguez Diaz with id=724324
User samuel
 added a new person named Mara Maura Rodriguez Diaz with id=724324
User samuel
 added a new person named Mara Maura Rodriguez Diaz with id=724324
User samuel
 added a new person named Ramon Rodriguez Rodriguez with id=842158
User samuel
 added a new person named Ramon Rodriguez Rodriguez with id=842158
User samuel
 added a new person named Ramon Rodriguez Rodriguez with id=842158
User samuel
 added a new person named Juliett Diaz Davila with id=900774
User samuel
 added a new person named Juliett Diaz Davila with id=900774
User samuel
 added a new person named Juliett Diaz Davila with id=900774
User samuel
 added a new person named Maria Cristina Perez Guzman with id=468896
User samuel
 added a new person named Maria Cristina Perez Guzman with id=468896
User samuel
 added a new person named Maria Cristina Perez Guzman with id=468896
User samuel
 added a new person named Elisa Padron Hernandez m with id=380088
User samuel
 added a new person named Elisa Padron Hernandez m with id=380088
User samuel
 added a new person named Elisa Padron Hernandez m with id=380088
User samuel
 added kinship: person 724324 spouse of 100354
User samuel
 added kinship: person 724324 spouse of 100354
User samuel
 added kinship: person 724324 spouse of 100354
User samuel
 added kinship: person 959779 mother of 100354
User samuel
 added kinship: person 959779 mother of 100354
User samuel
 added kinship: person 959779 mother of 100354
User samuel
 added kinship: person 36233 father of 100354
User samuel
 added kinship: person 36233 father of 100354
User samuel
 added kinship: person 36233 father of 100354
User samuel
 added kinship: person 842158 father of 724324
User samuel
 added kinship: person 842158 father of 724324
User samuel
 added kinship: person 842158 father of 724324
User samuel
 added kinship: person 900774 mother of 724324
User samuel
 added kinship: person 900774 mother of 724324
User samuel
 added kinship: person 900774 mother of 724324
User samuel
 added kinship: person 468896 mother of 959779
User samuel
 added kinship: person 468896 mother of 959779
User samuel
 added kinship: person 468896 mother of 959779
User samuel
 added kinship: person 380088 mother of 36233
User samuel
 added kinship: person 380088 mother of 36233
User samuel
 added kinship: person 380088 mother of 36233
User samuel
 added kinship: person 546152 noise of 36233
User samuel
 added kinship: person 546152 noise of 36233
User samuel
 added kinship: person 546152 noise of 36233
User samuel
 added kinship: person 817213 noise of 36233
User samuel
 added kinship: person 817213 noise of 36233
User samuel
 added kinship: person 817213 noise of 36233
User samuel
 deleted kinship 484377
User samuel
 deleted kinship 484377
User samuel
 deleted kinship 484377
User samuel
 deleted kinship 546241
User samuel
 deleted kinship 546241
User samuel
 deleted kinship 546241
